{"D:\\Documents\\Development\\fp-shifter\\src\\components\\EmptyState\\EmptyState.css": {"path":"D:\\Documents\\Development\\fp-shifter\\src\\components\\EmptyState\\EmptyState.css","statementMap":{},"fnMap":{},"branchMap":{},"s":{},"f":{},"b":{},"meta":{"lastBranch":0,"lastFunction":0,"lastStatement":0,"seen":{},"fnNames":{}}}
,"D:\\Documents\\Development\\fp-shifter\\src\\components\\EmptyState\\EmptyState.jsx": {"path":"D:\\Documents\\Development\\fp-shifter\\src\\components\\EmptyState\\EmptyState.jsx","statementMap":{"0":{"start":{"line":4,"column":6},"end":{"line":15,"column":null}},"1":{"start":{"line":9,"column":2},"end":{"line":13,"column":null}}},"fnMap":{"0":{"name":"(anonymous_0)","decl":{"start":{"line":4,"column":6},"end":{"line":4,"column":20}},"loc":{"start":{"line":8,"column":6},"end":{"line":15,"column":null}},"line":8}},"branchMap":{"0":{"loc":{"start":{"line":5,"column":2},"end":{"line":5,"column":null}},"type":"default-arg","locations":[{"start":{"line":5,"column":9},"end":{"line":5,"column":null}}],"line":5},"1":{"loc":{"start":{"line":6,"column":8},"end":{"line":6,"column":null}},"type":"default-arg","locations":[{"start":{"line":6,"column":15},"end":{"line":6,"column":null}}],"line":6},"2":{"loc":{"start":{"line":7,"column":2},"end":{"line":7,"column":null}},"type":"default-arg","locations":[{"start":{"line":7,"column":14},"end":{"line":7,"column":null}}],"line":7},"3":{"loc":{"start":{"line":11,"column":7},"end":{"line":12,"column":7}},"type":"binary-expr","locations":[{"start":{"line":11,"column":7},"end":{"line":11,"column":15}},{"start":{"line":11,"column":15},"end":{"line":12,"column":7}}],"line":11}},"s":{"0":3,"1":2},"f":{"0":2},"b":{"0":[2],"1":[2],"2":[2],"3":[2,2]},"meta":{"lastBranch":4,"lastFunction":1,"lastStatement":2,"seen":{"s:4:6:15:Infinity":0,"f:4:6:4:20":0,"b:5:9:5:Infinity":0,"b:6:15:6:Infinity":1,"b:7:14:7:Infinity":2,"s:9:2:13:Infinity":1,"b:11:7:11:15:11:15:12:7":3},"fnNames":{}}}
,"D:\\Documents\\Development\\fp-shifter\\src\\components\\Navbar\\Navbar.css": {"path":"D:\\Documents\\Development\\fp-shifter\\src\\components\\Navbar\\Navbar.css","statementMap":{},"fnMap":{},"branchMap":{},"s":{},"f":{},"b":{},"meta":{"lastBranch":0,"lastFunction":0,"lastStatement":0,"seen":{},"fnNames":{}}}
,"D:\\Documents\\Development\\fp-shifter\\src\\components\\Navbar\\Navbar.jsx": {"path":"D:\\Documents\\Development\\fp-shifter\\src\\components\\Navbar\\Navbar.jsx","statementMap":{"0":{"start":{"line":7,"column":6},"end":{"line":93,"column":null}},"1":{"start":{"line":8,"column":17},"end":{"line":8,"column":null}},"2":{"start":{"line":9,"column":18},"end":{"line":9,"column":null}},"3":{"start":{"line":10,"column":8},"end":{"line":10,"column":null}},"4":{"start":{"line":11,"column":8},"end":{"line":11,"column":null}},"5":{"start":{"line":13,"column":2},"end":{"line":25,"column":null}},"6":{"start":{"line":14,"column":4},"end":{"line":16,"column":null}},"7":{"start":{"line":15,"column":6},"end":{"line":15,"column":null}},"8":{"start":{"line":20,"column":8},"end":{"line":22,"column":null}},"9":{"start":{"line":21,"column":6},"end":{"line":21,"column":null}},"10":{"start":{"line":24,"column":4},"end":{"line":24,"column":null}},"11":{"start":{"line":24,"column":17},"end":{"line":24,"column":null}},"12":{"start":{"line":27,"column":23},"end":{"line":30,"column":null}},"13":{"start":{"line":28,"column":4},"end":{"line":28,"column":null}},"14":{"start":{"line":29,"column":4},"end":{"line":29,"column":null}},"15":{"start":{"line":32,"column":8},"end":{"line":32,"column":null}},"16":{"start":{"line":32,"column":29},"end":{"line":32,"column":null}},"17":{"start":{"line":34,"column":2},"end":{"line":91,"column":null}},"18":{"start":{"line":42,"column":50},"end":{"line":42,"column":null}},"19":{"start":{"line":49,"column":95},"end":{"line":49,"column":null}},"20":{"start":{"line":56,"column":115},"end":{"line":56,"column":null}},"21":{"start":{"line":63,"column":111},"end":{"line":63,"column":null}},"22":{"start":{"line":69,"column":123},"end":{"line":69,"column":null}},"23":{"start":{"line":83,"column":93},"end":{"line":83,"column":null}}},"fnMap":{"0":{"name":"(anonymous_0)","decl":{"start":{"line":7,"column":6},"end":{"line":7,"column":21}},"loc":{"start":{"line":7,"column":21},"end":{"line":93,"column":null}},"line":7},"1":{"name":"(anonymous_1)","decl":{"start":{"line":13,"column":2},"end":{"line":13,"column":18}},"loc":{"start":{"line":13,"column":18},"end":{"line":25,"column":5}},"line":13},"2":{"name":"(anonymous_2)","decl":{"start":{"line":14,"column":31},"end":{"line":14,"column":37}},"loc":{"start":{"line":14,"column":63},"end":{"line":16,"column":5}},"line":14},"3":{"name":"(anonymous_3)","decl":{"start":{"line":20,"column":22},"end":{"line":20,"column":41}},"loc":{"start":{"line":20,"column":61},"end":{"line":22,"column":5}},"line":20},"4":{"name":"(anonymous_4)","decl":{"start":{"line":24,"column":4},"end":{"line":24,"column":17}},"loc":{"start":{"line":24,"column":17},"end":{"line":24,"column":null}},"line":24},"5":{"name":"(anonymous_5)","decl":{"start":{"line":27,"column":23},"end":{"line":27,"column":35}},"loc":{"start":{"line":27,"column":35},"end":{"line":30,"column":null}},"line":27},"6":{"name":"(anonymous_6)","decl":{"start":{"line":32,"column":8},"end":{"line":32,"column":20}},"loc":{"start":{"line":32,"column":29},"end":{"line":32,"column":null}},"line":32},"7":{"name":"(anonymous_7)","decl":{"start":{"line":42,"column":35},"end":{"line":42,"column":50}},"loc":{"start":{"line":42,"column":50},"end":{"line":42,"column":null}},"line":42},"8":{"name":"(anonymous_8)","decl":{"start":{"line":49,"column":80},"end":{"line":49,"column":95}},"loc":{"start":{"line":49,"column":95},"end":{"line":49,"column":null}},"line":49},"9":{"name":"(anonymous_9)","decl":{"start":{"line":56,"column":100},"end":{"line":56,"column":115}},"loc":{"start":{"line":56,"column":115},"end":{"line":56,"column":null}},"line":56},"10":{"name":"(anonymous_10)","decl":{"start":{"line":63,"column":96},"end":{"line":63,"column":111}},"loc":{"start":{"line":63,"column":111},"end":{"line":63,"column":null}},"line":63},"11":{"name":"(anonymous_11)","decl":{"start":{"line":69,"column":108},"end":{"line":69,"column":123}},"loc":{"start":{"line":69,"column":123},"end":{"line":69,"column":null}},"line":69},"12":{"name":"(anonymous_12)","decl":{"start":{"line":83,"column":78},"end":{"line":83,"column":93}},"loc":{"start":{"line":83,"column":93},"end":{"line":83,"column":null}},"line":83}},"branchMap":{"0":{"loc":{"start":{"line":32,"column":29},"end":{"line":32,"column":null}},"type":"cond-expr","locations":[{"start":{"line":32,"column":58},"end":{"line":32,"column":69}},{"start":{"line":32,"column":69},"end":{"line":32,"column":null}}],"line":32},"1":{"loc":{"start":{"line":46,"column":23},"end":{"line":46,"column":null}},"type":"cond-expr","locations":[{"start":{"line":46,"column":32},"end":{"line":46,"column":52}},{"start":{"line":46,"column":52},"end":{"line":46,"column":null}}],"line":46},"2":{"loc":{"start":{"line":77,"column":13},"end":{"line":86,"column":null}},"type":"cond-expr","locations":[{"start":{"line":78,"column":14},"end":{"line":83,"column":15}},{"start":{"line":83,"column":14},"end":{"line":86,"column":null}}],"line":77}},"s":{"0":1,"1":14,"2":14,"3":14,"4":14,"5":14,"6":5,"7":5,"8":5,"9":0,"10":5,"11":5,"12":14,"13":1,"14":1,"15":14,"16":67,"17":14,"18":3,"19":1,"20":0,"21":0,"22":0,"23":0},"f":{"0":14,"1":5,"2":5,"3":0,"4":5,"5":1,"6":67,"7":3,"8":1,"9":0,"10":0,"11":0,"12":0},"b":{"0":[8,59],"1":[3,11],"2":[3,11]},"meta":{"lastBranch":3,"lastFunction":13,"lastStatement":24,"seen":{"s:7:6:93:Infinity":0,"f:7:6:7:21":0,"s:8:17:8:Infinity":1,"s:9:18:9:Infinity":2,"s:10:8:10:Infinity":3,"s:11:8:11:Infinity":4,"s:13:2:25:Infinity":5,"f:13:2:13:18":1,"s:14:4:16:Infinity":6,"f:14:31:14:37":2,"s:15:6:15:Infinity":7,"s:20:8:22:Infinity":8,"f:20:22:20:41":3,"s:21:6:21:Infinity":9,"s:24:4:24:Infinity":10,"f:24:4:24:17":4,"s:24:17:24:Infinity":11,"s:27:23:30:Infinity":12,"f:27:23:27:35":5,"s:28:4:28:Infinity":13,"s:29:4:29:Infinity":14,"s:32:8:32:Infinity":15,"f:32:8:32:20":6,"s:32:29:32:Infinity":16,"b:32:58:32:69:32:69:32:Infinity":0,"s:34:2:91:Infinity":17,"f:42:35:42:50":7,"s:42:50:42:Infinity":18,"b:46:32:46:52:46:52:46:Infinity":1,"f:49:80:49:95":8,"s:49:95:49:Infinity":19,"f:56:100:56:115":9,"s:56:115:56:Infinity":20,"f:63:96:63:111":10,"s:63:111:63:Infinity":21,"f:69:108:69:123":11,"s:69:123:69:Infinity":22,"b:78:14:83:15:83:14:86:Infinity":2,"f:83:78:83:93":12,"s:83:93:83:Infinity":23},"fnNames":{}}}
,"D:\\Documents\\Development\\fp-shifter\\src\\components\\PageContainer\\PageContainer.css": {"path":"D:\\Documents\\Development\\fp-shifter\\src\\components\\PageContainer\\PageContainer.css","statementMap":{},"fnMap":{},"branchMap":{},"s":{},"f":{},"b":{},"meta":{"lastBranch":0,"lastFunction":0,"lastStatement":0,"seen":{},"fnNames":{}}}
,"D:\\Documents\\Development\\fp-shifter\\src\\components\\PageContainer\\PageContainer.jsx": {"path":"D:\\Documents\\Development\\fp-shifter\\src\\components\\PageContainer\\PageContainer.jsx","statementMap":{"0":{"start":{"line":3,"column":6},"end":{"line":12,"column":null}},"1":{"start":{"line":5,"column":2},"end":{"line":10,"column":null}}},"fnMap":{"0":{"name":"(anonymous_0)","decl":{"start":{"line":3,"column":6},"end":{"line":3,"column":23}},"loc":{"start":{"line":3,"column":69},"end":{"line":12,"column":null}},"line":3}},"branchMap":{"0":{"loc":{"start":{"line":3,"column":35},"end":{"line":3,"column":48}},"type":"default-arg","locations":[{"start":{"line":3,"column":42},"end":{"line":3,"column":48}}],"line":3},"1":{"loc":{"start":{"line":3,"column":48},"end":{"line":3,"column":69}},"type":"default-arg","locations":[{"start":{"line":3,"column":60},"end":{"line":3,"column":69}}],"line":3}},"s":{"0":5,"1":71},"f":{"0":71},"b":{"0":[71],"1":[71]},"meta":{"lastBranch":2,"lastFunction":1,"lastStatement":2,"seen":{"s:3:6:12:Infinity":0,"f:3:6:3:23":0,"b:3:42:3:48":0,"b:3:60:3:69":1,"s:5:2:10:Infinity":1},"fnNames":{}}}
,"D:\\Documents\\Development\\fp-shifter\\src\\pages\\CustomerBookingPage.css": {"path":"D:\\Documents\\Development\\fp-shifter\\src\\pages\\CustomerBookingPage.css","statementMap":{},"fnMap":{},"branchMap":{},"s":{},"f":{},"b":{},"meta":{"lastBranch":0,"lastFunction":0,"lastStatement":0,"seen":{},"fnNames":{}}}
,"D:\\Documents\\Development\\fp-shifter\\src\\pages\\CustomerBookingPage.jsx": {"path":"D:\\Documents\\Development\\fp-shifter\\src\\pages\\CustomerBookingPage.jsx","statementMap":{"0":{"start":{"line":9,"column":6},"end":{"line":161,"column":null}},"1":{"start":{"line":10,"column":8},"end":{"line":10,"column":null}},"2":{"start":{"line":11,"column":23},"end":{"line":11,"column":null}},"3":{"start":{"line":12,"column":27},"end":{"line":12,"column":null}},"4":{"start":{"line":13,"column":23},"end":{"line":13,"column":null}},"5":{"start":{"line":14,"column":23},"end":{"line":14,"column":null}},"6":{"start":{"line":16,"column":18},"end":{"line":16,"column":null}},"7":{"start":{"line":17,"column":16},"end":{"line":17,"column":null}},"8":{"start":{"line":18,"column":23},"end":{"line":18,"column":null}},"9":{"start":{"line":20,"column":2},"end":{"line":35,"column":null}},"10":{"start":{"line":21,"column":26},"end":{"line":33,"column":null}},"11":{"start":{"line":22,"column":6},"end":{"line":32,"column":null}},"12":{"start":{"line":23,"column":8},"end":{"line":23,"column":null}},"13":{"start":{"line":24,"column":32},"end":{"line":24,"column":null}},"14":{"start":{"line":25,"column":8},"end":{"line":25,"column":null}},"15":{"start":{"line":25,"column":19},"end":{"line":25,"column":null}},"16":{"start":{"line":26,"column":8},"end":{"line":26,"column":null}},"17":{"start":{"line":28,"column":8},"end":{"line":28,"column":null}},"18":{"start":{"line":29,"column":8},"end":{"line":29,"column":null}},"19":{"start":{"line":31,"column":8},"end":{"line":31,"column":null}},"20":{"start":{"line":34,"column":4},"end":{"line":34,"column":null}},"21":{"start":{"line":37,"column":8},"end":{"line":41,"column":null}},"22":{"start":{"line":38,"column":4},"end":{"line":40,"column":null}},"23":{"start":{"line":39,"column":6},"end":{"line":39,"column":null}},"24":{"start":{"line":39,"column":43},"end":{"line":39,"column":51}},"25":{"start":{"line":43,"column":24},"end":{"line":60,"column":null}},"26":{"start":{"line":44,"column":4},"end":{"line":44,"column":null}},"27":{"start":{"line":45,"column":4},"end":{"line":48,"column":null}},"28":{"start":{"line":46,"column":6},"end":{"line":46,"column":null}},"29":{"start":{"line":47,"column":6},"end":{"line":47,"column":null}},"30":{"start":{"line":50,"column":4},"end":{"line":50,"column":null}},"31":{"start":{"line":51,"column":4},"end":{"line":59,"column":null}},"32":{"start":{"line":53,"column":6},"end":{"line":53,"column":null}},"33":{"start":{"line":53,"column":35},"end":{"line":53,"column":59}},"34":{"start":{"line":54,"column":6},"end":{"line":54,"column":null}},"35":{"start":{"line":56,"column":6},"end":{"line":56,"column":null}},"36":{"start":{"line":58,"column":6},"end":{"line":58,"column":null}},"37":{"start":{"line":62,"column":8},"end":{"line":74,"column":null}},"38":{"start":{"line":63,"column":16},"end":{"line":63,"column":null}},"39":{"start":{"line":64,"column":15},"end":{"line":64,"column":null}},"40":{"start":{"line":65,"column":4},"end":{"line":72,"column":null}},"41":{"start":{"line":66,"column":16},"end":{"line":66,"column":null}},"42":{"start":{"line":66,"column":41},"end":{"line":66,"column":54}},"43":{"start":{"line":67,"column":6},"end":{"line":71,"column":null}},"44":{"start":{"line":68,"column":8},"end":{"line":68,"column":null}},"45":{"start":{"line":70,"column":8},"end":{"line":70,"column":null}},"46":{"start":{"line":73,"column":4},"end":{"line":73,"column":null}},"47":{"start":{"line":76,"column":26},"end":{"line":76,"column":null}},"48":{"start":{"line":78,"column":2},"end":{"line":159,"column":null}},"49":{"start":{"line":98,"column":16},"end":{"line":110,"column":null}},"50":{"start":{"line":101,"column":33},"end":{"line":101,"column":null}},"51":{"start":{"line":126,"column":35},"end":{"line":126,"column":null}},"52":{"start":{"line":133,"column":79},"end":{"line":133,"column":null}}},"fnMap":{"0":{"name":"(anonymous_0)","decl":{"start":{"line":9,"column":6},"end":{"line":9,"column":34}},"loc":{"start":{"line":9,"column":34},"end":{"line":161,"column":null}},"line":9},"1":{"name":"(anonymous_1)","decl":{"start":{"line":20,"column":2},"end":{"line":20,"column":18}},"loc":{"start":{"line":20,"column":18},"end":{"line":35,"column":5}},"line":20},"2":{"name":"(anonymous_2)","decl":{"start":{"line":21,"column":26},"end":{"line":21,"column":38}},"loc":{"start":{"line":21,"column":38},"end":{"line":33,"column":null}},"line":21},"3":{"name":"(anonymous_3)","decl":{"start":{"line":37,"column":8},"end":{"line":37,"column":25}},"loc":{"start":{"line":37,"column":32},"end":{"line":41,"column":null}},"line":37},"4":{"name":"(anonymous_4)","decl":{"start":{"line":38,"column":4},"end":{"line":38,"column":24}},"loc":{"start":{"line":39,"column":6},"end":{"line":39,"column":null}},"line":39},"5":{"name":"(anonymous_5)","decl":{"start":{"line":39,"column":31},"end":{"line":39,"column":38}},"loc":{"start":{"line":39,"column":43},"end":{"line":39,"column":51}},"line":39},"6":{"name":"(anonymous_6)","decl":{"start":{"line":43,"column":24},"end":{"line":43,"column":31}},"loc":{"start":{"line":43,"column":37},"end":{"line":60,"column":null}},"line":43},"7":{"name":"(anonymous_7)","decl":{"start":{"line":53,"column":16},"end":{"line":53,"column":24}},"loc":{"start":{"line":53,"column":35},"end":{"line":53,"column":59}},"line":53},"8":{"name":"(anonymous_8)","decl":{"start":{"line":62,"column":8},"end":{"line":62,"column":31}},"loc":{"start":{"line":62,"column":31},"end":{"line":74,"column":null}},"line":62},"9":{"name":"(anonymous_9)","decl":{"start":{"line":65,"column":21},"end":{"line":65,"column":29}},"loc":{"start":{"line":65,"column":35},"end":{"line":72,"column":5}},"line":65},"10":{"name":"(anonymous_10)","decl":{"start":{"line":66,"column":29},"end":{"line":66,"column":34}},"loc":{"start":{"line":66,"column":41},"end":{"line":66,"column":54}},"line":66},"11":{"name":"(anonymous_11)","decl":{"start":{"line":97,"column":30},"end":{"line":97,"column":34}},"loc":{"start":{"line":98,"column":16},"end":{"line":110,"column":null}},"line":98},"12":{"name":"(anonymous_12)","decl":{"start":{"line":101,"column":18},"end":{"line":101,"column":33}},"loc":{"start":{"line":101,"column":33},"end":{"line":101,"column":null}},"line":101},"13":{"name":"(anonymous_13)","decl":{"start":{"line":126,"column":20},"end":{"line":126,"column":30}},"loc":{"start":{"line":126,"column":35},"end":{"line":126,"column":null}},"line":126},"14":{"name":"(anonymous_14)","decl":{"start":{"line":133,"column":64},"end":{"line":133,"column":74}},"loc":{"start":{"line":133,"column":79},"end":{"line":133,"column":null}},"line":133}},"branchMap":{"0":{"loc":{"start":{"line":25,"column":8},"end":{"line":25,"column":null}},"type":"if","locations":[{"start":{"line":25,"column":8},"end":{"line":25,"column":null}},{"start":{},"end":{}}],"line":25},"1":{"loc":{"start":{"line":26,"column":24},"end":{"line":26,"column":34}},"type":"binary-expr","locations":[{"start":{"line":26,"column":24},"end":{"line":26,"column":32}},{"start":{"line":26,"column":32},"end":{"line":26,"column":34}}],"line":26},"2":{"loc":{"start":{"line":39,"column":6},"end":{"line":39,"column":null}},"type":"cond-expr","locations":[{"start":{"line":39,"column":26},"end":{"line":39,"column":55}},{"start":{"line":39,"column":55},"end":{"line":39,"column":null}}],"line":39},"3":{"loc":{"start":{"line":45,"column":4},"end":{"line":48,"column":null}},"type":"if","locations":[{"start":{"line":45,"column":4},"end":{"line":48,"column":null}},{"start":{},"end":{}}],"line":45},"4":{"loc":{"start":{"line":45,"column":8},"end":{"line":45,"column":73}},"type":"binary-expr","locations":[{"start":{"line":45,"column":8},"end":{"line":45,"column":41}},{"start":{"line":45,"column":41},"end":{"line":45,"column":58}},{"start":{"line":45,"column":58},"end":{"line":45,"column":73}}],"line":45},"5":{"loc":{"start":{"line":67,"column":6},"end":{"line":71,"column":null}},"type":"if","locations":[{"start":{"line":67,"column":6},"end":{"line":71,"column":null}},{"start":{},"end":{}}],"line":67},"6":{"loc":{"start":{"line":70,"column":16},"end":{"line":70,"column":null}},"type":"binary-expr","locations":[{"start":{"line":70,"column":16},"end":{"line":70,"column":38}},{"start":{"line":70,"column":38},"end":{"line":70,"column":null}}],"line":70},"7":{"loc":{"start":{"line":89,"column":13},"end":{"line":89,"column":null}},"type":"binary-expr","locations":[{"start":{"line":89,"column":13},"end":{"line":89,"column":24}},{"start":{"line":89,"column":24},"end":{"line":89,"column":null}}],"line":89},"8":{"loc":{"start":{"line":90,"column":13},"end":{"line":90,"column":null}},"type":"binary-expr","locations":[{"start":{"line":90,"column":13},"end":{"line":90,"column":22}},{"start":{"line":90,"column":22},"end":{"line":90,"column":null}}],"line":90},"9":{"loc":{"start":{"line":91,"column":13},"end":{"line":92,"column":null}},"type":"binary-expr","locations":[{"start":{"line":91,"column":13},"end":{"line":91,"column":25}},{"start":{"line":91,"column":25},"end":{"line":91,"column":35}},{"start":{"line":91,"column":35},"end":{"line":91,"column":null}},{"start":{"line":92,"column":14},"end":{"line":92,"column":null}}],"line":91},"10":{"loc":{"start":{"line":95,"column":13},"end":{"line":112,"column":null}},"type":"binary-expr","locations":[{"start":{"line":95,"column":13},"end":{"line":95,"column":25}},{"start":{"line":95,"column":25},"end":{"line":95,"column":35}},{"start":{"line":95,"column":35},"end":{"line":95,"column":null}},{"start":{"line":96,"column":14},"end":{"line":112,"column":null}}],"line":95},"11":{"loc":{"start":{"line":100,"column":45},"end":{"line":100,"column":null}},"type":"cond-expr","locations":[{"start":{"line":100,"column":85},"end":{"line":100,"column":98}},{"start":{"line":100,"column":98},"end":{"line":100,"column":null}}],"line":100},"12":{"loc":{"start":{"line":108,"column":21},"end":{"line":108,"column":null}},"type":"binary-expr","locations":[{"start":{"line":108,"column":21},"end":{"line":108,"column":62}},{"start":{"line":108,"column":62},"end":{"line":108,"column":null}}],"line":108},"13":{"loc":{"start":{"line":116,"column":11},"end":{"line":142,"column":null}},"type":"binary-expr","locations":[{"start":{"line":116,"column":11},"end":{"line":116,"column":null}},{"start":{"line":117,"column":12},"end":{"line":142,"column":null}}],"line":116},"14":{"loc":{"start":{"line":130,"column":17},"end":{"line":141,"column":null}},"type":"binary-expr","locations":[{"start":{"line":130,"column":17},"end":{"line":130,"column":null}},{"start":{"line":131,"column":18},"end":{"line":141,"column":null}}],"line":130},"15":{"loc":{"start":{"line":153,"column":24},"end":{"line":153,"column":null}},"type":"binary-expr","locations":[{"start":{"line":153,"column":24},"end":{"line":153,"column":40}},{"start":{"line":153,"column":40},"end":{"line":153,"column":73}},{"start":{"line":153,"column":73},"end":{"line":153,"column":90}},{"start":{"line":153,"column":90},"end":{"line":153,"column":null}}],"line":153},"16":{"loc":{"start":{"line":155,"column":15},"end":{"line":155,"column":null}},"type":"cond-expr","locations":[{"start":{"line":155,"column":30},"end":{"line":155,"column":42}},{"start":{"line":155,"column":42},"end":{"line":155,"column":null}}],"line":155}},"s":{"0":1,"1":11,"2":11,"3":11,"4":11,"5":11,"6":11,"7":11,"8":11,"9":11,"10":3,"11":3,"12":3,"13":3,"14":3,"15":0,"16":3,"17":0,"18":0,"19":3,"20":3,"21":11,"22":3,"23":3,"24":0,"25":11,"26":0,"27":0,"28":0,"29":0,"30":0,"31":0,"32":0,"33":0,"34":0,"35":0,"36":0,"37":11,"38":11,"39":11,"40":11,"41":6,"42":7,"43":6,"44":6,"45":6,"46":11,"47":11,"48":11,"49":16,"50":3,"51":1,"52":1},"f":{"0":11,"1":3,"2":3,"3":3,"4":3,"5":0,"6":0,"7":0,"8":11,"9":6,"10":7,"11":16,"12":3,"13":1,"14":1},"b":{"0":[0,3],"1":[3,0],"2":[0,3],"3":[0,0],"4":[0,0,0],"5":[6,0],"6":[6,6],"7":[11,3],"8":[11,0],"9":[11,8,8,0],"10":[11,8,8,8],"11":[6,10],"12":[16,6],"13":[11,5],"14":[5,2],"15":[11,11,5,2],"16":[0,11]},"meta":{"lastBranch":17,"lastFunction":15,"lastStatement":53,"seen":{"s:9:6:161:Infinity":0,"f:9:6:9:34":0,"s:10:8:10:Infinity":1,"s:11:23:11:Infinity":2,"s:12:27:12:Infinity":3,"s:13:23:13:Infinity":4,"s:14:23:14:Infinity":5,"s:16:18:16:Infinity":6,"s:17:16:17:Infinity":7,"s:18:23:18:Infinity":8,"s:20:2:35:Infinity":9,"f:20:2:20:18":1,"s:21:26:33:Infinity":10,"f:21:26:21:38":2,"s:22:6:32:Infinity":11,"s:23:8:23:Infinity":12,"s:24:32:24:Infinity":13,"b:25:8:25:Infinity:undefined:undefined:undefined:undefined":0,"s:25:8:25:Infinity":14,"s:25:19:25:Infinity":15,"s:26:8:26:Infinity":16,"b:26:24:26:32:26:32:26:34":1,"s:28:8:28:Infinity":17,"s:29:8:29:Infinity":18,"s:31:8:31:Infinity":19,"s:34:4:34:Infinity":20,"s:37:8:41:Infinity":21,"f:37:8:37:25":3,"s:38:4:40:Infinity":22,"f:38:4:38:24":4,"s:39:6:39:Infinity":23,"b:39:26:39:55:39:55:39:Infinity":2,"f:39:31:39:38":5,"s:39:43:39:51":24,"s:43:24:60:Infinity":25,"f:43:24:43:31":6,"s:44:4:44:Infinity":26,"b:45:4:48:Infinity:undefined:undefined:undefined:undefined":3,"s:45:4:48:Infinity":27,"b:45:8:45:41:45:41:45:58:45:58:45:73":4,"s:46:6:46:Infinity":28,"s:47:6:47:Infinity":29,"s:50:4:50:Infinity":30,"s:51:4:59:Infinity":31,"s:53:6:53:Infinity":32,"f:53:16:53:24":7,"s:53:35:53:59":33,"s:54:6:54:Infinity":34,"s:56:6:56:Infinity":35,"s:58:6:58:Infinity":36,"s:62:8:74:Infinity":37,"f:62:8:62:31":8,"s:63:16:63:Infinity":38,"s:64:15:64:Infinity":39,"s:65:4:72:Infinity":40,"f:65:21:65:29":9,"s:66:16:66:Infinity":41,"f:66:29:66:34":10,"s:66:41:66:54":42,"b:67:6:71:Infinity:undefined:undefined:undefined:undefined":5,"s:67:6:71:Infinity":43,"s:68:8:68:Infinity":44,"s:70:8:70:Infinity":45,"b:70:16:70:38:70:38:70:Infinity":6,"s:73:4:73:Infinity":46,"s:76:26:76:Infinity":47,"s:78:2:159:Infinity":48,"b:89:13:89:24:89:24:89:Infinity":7,"b:90:13:90:22:90:22:90:Infinity":8,"b:91:13:91:25:91:25:91:35:91:35:91:Infinity:92:14:92:Infinity":9,"b:95:13:95:25:95:25:95:35:95:35:95:Infinity:96:14:112:Infinity":10,"f:97:30:97:34":11,"s:98:16:110:Infinity":49,"b:100:85:100:98:100:98:100:Infinity":11,"f:101:18:101:33":12,"s:101:33:101:Infinity":50,"b:108:21:108:62:108:62:108:Infinity":12,"b:116:11:116:Infinity:117:12:142:Infinity":13,"f:126:20:126:30":13,"s:126:35:126:Infinity":51,"b:130:17:130:Infinity:131:18:141:Infinity":14,"f:133:64:133:74":14,"s:133:79:133:Infinity":52,"b:153:24:153:40:153:40:153:73:153:73:153:90:153:90:153:Infinity":15,"b:155:30:155:42:155:42:155:Infinity":16},"fnNames":{}}}
,"D:\\Documents\\Development\\fp-shifter\\src\\pages\\EmployeeAvailabilityPage.css": {"path":"D:\\Documents\\Development\\fp-shifter\\src\\pages\\EmployeeAvailabilityPage.css","statementMap":{},"fnMap":{},"branchMap":{},"s":{},"f":{},"b":{},"meta":{"lastBranch":0,"lastFunction":0,"lastStatement":0,"seen":{},"fnNames":{}}}
,"D:\\Documents\\Development\\fp-shifter\\src\\pages\\EmployeeAvailabilityPage.jsx": {"path":"D:\\Documents\\Development\\fp-shifter\\src\\pages\\EmployeeAvailabilityPage.jsx","statementMap":{"0":{"start":{"line":7,"column":6},"end":{"line":101,"column":null}},"1":{"start":{"line":8,"column":23},"end":{"line":8,"column":null}},"2":{"start":{"line":9,"column":20},"end":{"line":9,"column":null}},"3":{"start":{"line":10,"column":18},"end":{"line":10,"column":null}},"4":{"start":{"line":11,"column":23},"end":{"line":11,"column":null}},"5":{"start":{"line":12,"column":18},"end":{"line":12,"column":null}},"6":{"start":{"line":14,"column":2},"end":{"line":18,"column":null}},"7":{"start":{"line":15,"column":4},"end":{"line":17,"column":null}},"8":{"start":{"line":16,"column":6},"end":{"line":16,"column":null}},"9":{"start":{"line":20,"column":23},"end":{"line":50,"column":null}},"10":{"start":{"line":21,"column":4},"end":{"line":21,"column":null}},"11":{"start":{"line":22,"column":4},"end":{"line":25,"column":null}},"12":{"start":{"line":23,"column":6},"end":{"line":23,"column":null}},"13":{"start":{"line":24,"column":6},"end":{"line":24,"column":null}},"14":{"start":{"line":26,"column":4},"end":{"line":29,"column":null}},"15":{"start":{"line":27,"column":6},"end":{"line":27,"column":null}},"16":{"start":{"line":28,"column":6},"end":{"line":28,"column":null}},"17":{"start":{"line":31,"column":4},"end":{"line":31,"column":null}},"18":{"start":{"line":32,"column":4},"end":{"line":49,"column":null}},"19":{"start":{"line":33,"column":24},"end":{"line":38,"column":null}},"20":{"start":{"line":40,"column":6},"end":{"line":40,"column":null}},"21":{"start":{"line":40,"column":17},"end":{"line":40,"column":null}},"22":{"start":{"line":42,"column":6},"end":{"line":42,"column":null}},"23":{"start":{"line":43,"column":6},"end":{"line":43,"column":null}},"24":{"start":{"line":45,"column":6},"end":{"line":45,"column":null}},"25":{"start":{"line":46,"column":6},"end":{"line":46,"column":null}},"26":{"start":{"line":48,"column":6},"end":{"line":48,"column":null}},"27":{"start":{"line":52,"column":2},"end":{"line":99,"column":null}},"28":{"start":{"line":67,"column":29},"end":{"line":67,"column":null}},"29":{"start":{"line":75,"column":55},"end":{"line":75,"column":null}},"30":{"start":{"line":86,"column":53},"end":{"line":86,"column":null}}},"fnMap":{"0":{"name":"(anonymous_0)","decl":{"start":{"line":7,"column":6},"end":{"line":7,"column":39}},"loc":{"start":{"line":7,"column":39},"end":{"line":101,"column":null}},"line":7},"1":{"name":"(anonymous_1)","decl":{"start":{"line":14,"column":2},"end":{"line":14,"column":18}},"loc":{"start":{"line":14,"column":18},"end":{"line":18,"column":5}},"line":14},"2":{"name":"(anonymous_2)","decl":{"start":{"line":15,"column":31},"end":{"line":15,"column":37}},"loc":{"start":{"line":15,"column":63},"end":{"line":17,"column":5}},"line":15},"3":{"name":"(anonymous_3)","decl":{"start":{"line":20,"column":23},"end":{"line":20,"column":30}},"loc":{"start":{"line":20,"column":36},"end":{"line":50,"column":null}},"line":20},"4":{"name":"(anonymous_4)","decl":{"start":{"line":67,"column":14},"end":{"line":67,"column":24}},"loc":{"start":{"line":67,"column":29},"end":{"line":67,"column":null}},"line":67},"5":{"name":"(anonymous_5)","decl":{"start":{"line":75,"column":40},"end":{"line":75,"column":50}},"loc":{"start":{"line":75,"column":55},"end":{"line":75,"column":null}},"line":75},"6":{"name":"(anonymous_6)","decl":{"start":{"line":86,"column":38},"end":{"line":86,"column":48}},"loc":{"start":{"line":86,"column":53},"end":{"line":86,"column":null}},"line":86}},"branchMap":{"0":{"loc":{"start":{"line":22,"column":4},"end":{"line":25,"column":null}},"type":"if","locations":[{"start":{"line":22,"column":4},"end":{"line":25,"column":null}},{"start":{},"end":{}}],"line":22},"1":{"loc":{"start":{"line":26,"column":4},"end":{"line":29,"column":null}},"type":"if","locations":[{"start":{"line":26,"column":4},"end":{"line":29,"column":null}},{"start":{},"end":{}}],"line":26},"2":{"loc":{"start":{"line":40,"column":6},"end":{"line":40,"column":null}},"type":"if","locations":[{"start":{"line":40,"column":6},"end":{"line":40,"column":null}},{"start":{},"end":{}}],"line":40},"3":{"loc":{"start":{"line":95,"column":65},"end":{"line":95,"column":null}},"type":"binary-expr","locations":[{"start":{"line":95,"column":65},"end":{"line":95,"column":81}},{"start":{"line":95,"column":81},"end":{"line":95,"column":null}}],"line":95},"4":{"loc":{"start":{"line":96,"column":13},"end":{"line":96,"column":null}},"type":"cond-expr","locations":[{"start":{"line":96,"column":28},"end":{"line":96,"column":40}},{"start":{"line":96,"column":40},"end":{"line":96,"column":null}}],"line":96}},"s":{"0":1,"1":17,"2":17,"3":17,"4":17,"5":17,"6":17,"7":5,"8":5,"9":17,"10":3,"11":3,"12":0,"13":0,"14":3,"15":1,"16":1,"17":2,"18":2,"19":2,"20":2,"21":1,"22":1,"23":1,"24":1,"25":1,"26":2,"27":17,"28":3,"29":0,"30":0},"f":{"0":17,"1":5,"2":5,"3":3,"4":3,"5":0,"6":0},"b":{"0":[0,3],"1":[1,2],"2":[1,1],"3":[17,15],"4":[2,15]},"meta":{"lastBranch":5,"lastFunction":7,"lastStatement":31,"seen":{"s:7:6:101:Infinity":0,"f:7:6:7:39":0,"s:8:23:8:Infinity":1,"s:9:20:9:Infinity":2,"s:10:18:10:Infinity":3,"s:11:23:11:Infinity":4,"s:12:18:12:Infinity":5,"s:14:2:18:Infinity":6,"f:14:2:14:18":1,"s:15:4:17:Infinity":7,"f:15:31:15:37":2,"s:16:6:16:Infinity":8,"s:20:23:50:Infinity":9,"f:20:23:20:30":3,"s:21:4:21:Infinity":10,"b:22:4:25:Infinity:undefined:undefined:undefined:undefined":0,"s:22:4:25:Infinity":11,"s:23:6:23:Infinity":12,"s:24:6:24:Infinity":13,"b:26:4:29:Infinity:undefined:undefined:undefined:undefined":1,"s:26:4:29:Infinity":14,"s:27:6:27:Infinity":15,"s:28:6:28:Infinity":16,"s:31:4:31:Infinity":17,"s:32:4:49:Infinity":18,"s:33:24:38:Infinity":19,"b:40:6:40:Infinity:undefined:undefined:undefined:undefined":2,"s:40:6:40:Infinity":20,"s:40:17:40:Infinity":21,"s:42:6:42:Infinity":22,"s:43:6:43:Infinity":23,"s:45:6:45:Infinity":24,"s:46:6:46:Infinity":25,"s:48:6:48:Infinity":26,"s:52:2:99:Infinity":27,"f:67:14:67:24":4,"s:67:29:67:Infinity":28,"f:75:40:75:50":5,"s:75:55:75:Infinity":29,"f:86:38:86:48":6,"s:86:53:86:Infinity":30,"b:95:65:95:81:95:81:95:Infinity":3,"b:96:28:96:40:96:40:96:Infinity":4},"fnNames":{}}}
,"D:\\Documents\\Development\\fp-shifter\\src\\pages\\LoginPage.css": {"path":"D:\\Documents\\Development\\fp-shifter\\src\\pages\\LoginPage.css","statementMap":{},"fnMap":{},"branchMap":{},"s":{},"f":{},"b":{},"meta":{"lastBranch":0,"lastFunction":0,"lastStatement":0,"seen":{},"fnNames":{}}}
,"D:\\Documents\\Development\\fp-shifter\\src\\pages\\LoginPage.jsx": {"path":"D:\\Documents\\Development\\fp-shifter\\src\\pages\\LoginPage.jsx","statementMap":{"0":{"start":{"line":8,"column":6},"end":{"line":114,"column":null}},"1":{"start":{"line":9,"column":16},"end":{"line":9,"column":null}},"2":{"start":{"line":10,"column":19},"end":{"line":10,"column":null}},"3":{"start":{"line":11,"column":19},"end":{"line":11,"column":null}},"4":{"start":{"line":12,"column":19},"end":{"line":12,"column":null}},"5":{"start":{"line":13,"column":18},"end":{"line":13,"column":null}},"6":{"start":{"line":14,"column":16},"end":{"line":14,"column":null}},"7":{"start":{"line":15,"column":8},"end":{"line":15,"column":null}},"8":{"start":{"line":17,"column":21},"end":{"line":53,"column":null}},"9":{"start":{"line":18,"column":4},"end":{"line":18,"column":null}},"10":{"start":{"line":19,"column":4},"end":{"line":19,"column":null}},"11":{"start":{"line":20,"column":4},"end":{"line":20,"column":null}},"12":{"start":{"line":22,"column":4},"end":{"line":52,"column":null}},"13":{"start":{"line":23,"column":6},"end":{"line":47,"column":null}},"14":{"start":{"line":24,"column":8},"end":{"line":26,"column":null}},"15":{"start":{"line":25,"column":10},"end":{"line":25,"column":null}},"16":{"start":{"line":27,"column":26},"end":{"line":36,"column":null}},"17":{"start":{"line":37,"column":8},"end":{"line":37,"column":null}},"18":{"start":{"line":37,"column":19},"end":{"line":37,"column":null}},"19":{"start":{"line":39,"column":8},"end":{"line":39,"column":null}},"20":{"start":{"line":41,"column":26},"end":{"line":44,"column":null}},"21":{"start":{"line":45,"column":8},"end":{"line":45,"column":null}},"22":{"start":{"line":45,"column":19},"end":{"line":45,"column":null}},"23":{"start":{"line":46,"column":8},"end":{"line":46,"column":null}},"24":{"start":{"line":49,"column":6},"end":{"line":49,"column":null}},"25":{"start":{"line":51,"column":6},"end":{"line":51,"column":null}},"26":{"start":{"line":55,"column":2},"end":{"line":112,"column":null}},"27":{"start":{"line":72,"column":33},"end":{"line":72,"column":null}},"28":{"start":{"line":84,"column":31},"end":{"line":84,"column":null}},"29":{"start":{"line":95,"column":31},"end":{"line":95,"column":null}},"30":{"start":{"line":108,"column":47},"end":{"line":108,"column":71}}},"fnMap":{"0":{"name":"(anonymous_0)","decl":{"start":{"line":8,"column":6},"end":{"line":8,"column":24}},"loc":{"start":{"line":8,"column":24},"end":{"line":114,"column":null}},"line":8},"1":{"name":"(anonymous_1)","decl":{"start":{"line":17,"column":21},"end":{"line":17,"column":28}},"loc":{"start":{"line":17,"column":34},"end":{"line":53,"column":null}},"line":17},"2":{"name":"(anonymous_2)","decl":{"start":{"line":72,"column":16},"end":{"line":72,"column":27}},"loc":{"start":{"line":72,"column":33},"end":{"line":72,"column":null}},"line":72},"3":{"name":"(anonymous_3)","decl":{"start":{"line":84,"column":14},"end":{"line":84,"column":25}},"loc":{"start":{"line":84,"column":31},"end":{"line":84,"column":null}},"line":84},"4":{"name":"(anonymous_4)","decl":{"start":{"line":95,"column":14},"end":{"line":95,"column":25}},"loc":{"start":{"line":95,"column":31},"end":{"line":95,"column":null}},"line":95},"5":{"name":"(anonymous_5)","decl":{"start":{"line":108,"column":32},"end":{"line":108,"column":47}},"loc":{"start":{"line":108,"column":47},"end":{"line":108,"column":71}},"line":108}},"branchMap":{"0":{"loc":{"start":{"line":23,"column":6},"end":{"line":47,"column":null}},"type":"if","locations":[{"start":{"line":23,"column":6},"end":{"line":47,"column":null}},{"start":{"line":40,"column":13},"end":{"line":47,"column":null}}],"line":23},"1":{"loc":{"start":{"line":24,"column":8},"end":{"line":26,"column":null}},"type":"if","locations":[{"start":{"line":24,"column":8},"end":{"line":26,"column":null}},{"start":{},"end":{}}],"line":24},"2":{"loc":{"start":{"line":37,"column":8},"end":{"line":37,"column":null}},"type":"if","locations":[{"start":{"line":37,"column":8},"end":{"line":37,"column":null}},{"start":{},"end":{}}],"line":37},"3":{"loc":{"start":{"line":45,"column":8},"end":{"line":45,"column":null}},"type":"if","locations":[{"start":{"line":45,"column":8},"end":{"line":45,"column":null}},{"start":{},"end":{}}],"line":45},"4":{"loc":{"start":{"line":49,"column":15},"end":{"line":49,"column":58}},"type":"binary-expr","locations":[{"start":{"line":49,"column":15},"end":{"line":49,"column":30}},{"start":{"line":49,"column":30},"end":{"line":49,"column":58}}],"line":49},"5":{"loc":{"start":{"line":59,"column":15},"end":{"line":59,"column":67}},"type":"cond-expr","locations":[{"start":{"line":59,"column":26},"end":{"line":59,"column":46}},{"start":{"line":59,"column":46},"end":{"line":59,"column":67}}],"line":59},"6":{"loc":{"start":{"line":62,"column":9},"end":{"line":62,"column":null}},"type":"binary-expr","locations":[{"start":{"line":62,"column":9},"end":{"line":62,"column":18}},{"start":{"line":62,"column":18},"end":{"line":62,"column":null}}],"line":62},"7":{"loc":{"start":{"line":65,"column":11},"end":{"line":76,"column":null}},"type":"binary-expr","locations":[{"start":{"line":65,"column":11},"end":{"line":65,"column":null}},{"start":{"line":66,"column":12},"end":{"line":76,"column":null}}],"line":65},"8":{"loc":{"start":{"line":102,"column":13},"end":{"line":102,"column":null}},"type":"cond-expr","locations":[{"start":{"line":102,"column":23},"end":{"line":102,"column":36}},{"start":{"line":102,"column":36},"end":{"line":102,"column":null}}],"line":102},"9":{"loc":{"start":{"line":102,"column":36},"end":{"line":102,"column":null}},"type":"cond-expr","locations":[{"start":{"line":102,"column":47},"end":{"line":102,"column":57}},{"start":{"line":102,"column":57},"end":{"line":102,"column":null}}],"line":102},"10":{"loc":{"start":{"line":107,"column":11},"end":{"line":107,"column":null}},"type":"cond-expr","locations":[{"start":{"line":107,"column":22},"end":{"line":107,"column":49}},{"start":{"line":107,"column":49},"end":{"line":107,"column":null}}],"line":107},"11":{"loc":{"start":{"line":109,"column":13},"end":{"line":109,"column":null}},"type":"cond-expr","locations":[{"start":{"line":109,"column":24},"end":{"line":109,"column":41}},{"start":{"line":109,"column":41},"end":{"line":109,"column":null}}],"line":109}},"s":{"0":1,"1":20,"2":20,"3":20,"4":20,"5":20,"6":20,"7":20,"8":20,"9":3,"10":3,"11":3,"12":3,"13":3,"14":1,"15":0,"16":1,"17":1,"18":0,"19":1,"20":2,"21":2,"22":1,"23":1,"24":1,"25":3,"26":20,"27":1,"28":3,"29":3,"30":2},"f":{"0":20,"1":3,"2":1,"3":3,"4":3,"5":2},"b":{"0":[1,2],"1":[0,1],"2":[0,1],"3":[1,1],"4":[1,0],"5":[7,13],"6":[20,1],"7":[20,7],"8":[3,17],"9":[6,11],"10":[7,13],"11":[7,13]},"meta":{"lastBranch":12,"lastFunction":6,"lastStatement":31,"seen":{"s:8:6:114:Infinity":0,"f:8:6:8:24":0,"s:9:16:9:Infinity":1,"s:10:19:10:Infinity":2,"s:11:19:11:Infinity":3,"s:12:19:12:Infinity":4,"s:13:18:13:Infinity":5,"s:14:16:14:Infinity":6,"s:15:8:15:Infinity":7,"s:17:21:53:Infinity":8,"f:17:21:17:28":1,"s:18:4:18:Infinity":9,"s:19:4:19:Infinity":10,"s:20:4:20:Infinity":11,"s:22:4:52:Infinity":12,"b:23:6:47:Infinity:40:13:47:Infinity":0,"s:23:6:47:Infinity":13,"b:24:8:26:Infinity:undefined:undefined:undefined:undefined":1,"s:24:8:26:Infinity":14,"s:25:10:25:Infinity":15,"s:27:26:36:Infinity":16,"b:37:8:37:Infinity:undefined:undefined:undefined:undefined":2,"s:37:8:37:Infinity":17,"s:37:19:37:Infinity":18,"s:39:8:39:Infinity":19,"s:41:26:44:Infinity":20,"b:45:8:45:Infinity:undefined:undefined:undefined:undefined":3,"s:45:8:45:Infinity":21,"s:45:19:45:Infinity":22,"s:46:8:46:Infinity":23,"s:49:6:49:Infinity":24,"b:49:15:49:30:49:30:49:58":4,"s:51:6:51:Infinity":25,"s:55:2:112:Infinity":26,"b:59:26:59:46:59:46:59:67":5,"b:62:9:62:18:62:18:62:Infinity":6,"b:65:11:65:Infinity:66:12:76:Infinity":7,"f:72:16:72:27":2,"s:72:33:72:Infinity":27,"f:84:14:84:25":3,"s:84:31:84:Infinity":28,"f:95:14:95:25":4,"s:95:31:95:Infinity":29,"b:102:23:102:36:102:36:102:Infinity":8,"b:102:47:102:57:102:57:102:Infinity":9,"b:107:22:107:49:107:49:107:Infinity":10,"f:108:32:108:47":5,"s:108:47:108:71":30,"b:109:24:109:41:109:41:109:Infinity":11},"fnNames":{}}}
,"D:\\Documents\\Development\\fp-shifter\\src\\pages\\ManagerDashboardPage.css": {"path":"D:\\Documents\\Development\\fp-shifter\\src\\pages\\ManagerDashboardPage.css","statementMap":{},"fnMap":{},"branchMap":{},"s":{},"f":{},"b":{},"meta":{"lastBranch":0,"lastFunction":0,"lastStatement":0,"seen":{},"fnNames":{}}}
,"D:\\Documents\\Development\\fp-shifter\\src\\pages\\ManagerDashboardPage.jsx": {"path":"D:\\Documents\\Development\\fp-shifter\\src\\pages\\ManagerDashboardPage.jsx","statementMap":{"0":{"start":{"line":8,"column":6},"end":{"line":154,"column":null}},"1":{"start":{"line":9,"column":23},"end":{"line":9,"column":null}},"2":{"start":{"line":10,"column":18},"end":{"line":10,"column":null}},"3":{"start":{"line":11,"column":16},"end":{"line":11,"column":null}},"4":{"start":{"line":13,"column":2},"end":{"line":50,"column":null}},"5":{"start":{"line":14,"column":31},"end":{"line":47,"column":null}},"6":{"start":{"line":15,"column":6},"end":{"line":46,"column":null}},"7":{"start":{"line":16,"column":8},"end":{"line":16,"column":null}},"8":{"start":{"line":17,"column":22},"end":{"line":17,"column":null}},"9":{"start":{"line":18,"column":25},"end":{"line":18,"column":null}},"10":{"start":{"line":20,"column":26},"end":{"line":20,"column":null}},"11":{"start":{"line":21,"column":8},"end":{"line":21,"column":null}},"12":{"start":{"line":22,"column":29},"end":{"line":22,"column":null}},"13":{"start":{"line":24,"column":32},"end":{"line":37,"column":null}},"14":{"start":{"line":39,"column":8},"end":{"line":39,"column":null}},"15":{"start":{"line":39,"column":19},"end":{"line":39,"column":null}},"16":{"start":{"line":40,"column":8},"end":{"line":40,"column":null}},"17":{"start":{"line":42,"column":8},"end":{"line":42,"column":null}},"18":{"start":{"line":43,"column":8},"end":{"line":43,"column":null}},"19":{"start":{"line":45,"column":8},"end":{"line":45,"column":null}},"20":{"start":{"line":49,"column":4},"end":{"line":49,"column":null}},"21":{"start":{"line":52,"column":2},"end":{"line":52,"column":null}},"22":{"start":{"line":52,"column":15},"end":{"line":52,"column":null}},"23":{"start":{"line":53,"column":2},"end":{"line":53,"column":null}},"24":{"start":{"line":53,"column":13},"end":{"line":53,"column":null}},"25":{"start":{"line":55,"column":19},"end":{"line":55,"column":null}},"26":{"start":{"line":56,"column":28},"end":{"line":56,"column":null}},"27":{"start":{"line":56,"column":53},"end":{"line":56,"column":78}},"28":{"start":{"line":57,"column":29},"end":{"line":57,"column":null}},"29":{"start":{"line":57,"column":54},"end":{"line":57,"column":79}},"30":{"start":{"line":59,"column":26},"end":{"line":59,"column":null}},"31":{"start":{"line":59,"column":65},"end":{"line":59,"column":109}},"32":{"start":{"line":62,"column":26},"end":{"line":62,"column":null}},"33":{"start":{"line":63,"column":2},"end":{"line":69,"column":null}},"34":{"start":{"line":64,"column":4},"end":{"line":68,"column":null}},"35":{"start":{"line":65,"column":6},"end":{"line":67,"column":null}},"36":{"start":{"line":66,"column":8},"end":{"line":66,"column":null}},"37":{"start":{"line":71,"column":2},"end":{"line":152,"column":null}},"38":{"start":{"line":109,"column":14},"end":{"line":131,"column":null}},"39":{"start":{"line":116,"column":56},"end":{"line":116,"column":96}},"40":{"start":{"line":117,"column":20},"end":{"line":128,"column":null}},"41":{"start":{"line":142,"column":14},"end":{"line":147,"column":null}}},"fnMap":{"0":{"name":"(anonymous_0)","decl":{"start":{"line":8,"column":6},"end":{"line":8,"column":35}},"loc":{"start":{"line":8,"column":35},"end":{"line":154,"column":null}},"line":8},"1":{"name":"(anonymous_1)","decl":{"start":{"line":13,"column":2},"end":{"line":13,"column":18}},"loc":{"start":{"line":13,"column":18},"end":{"line":50,"column":5}},"line":13},"2":{"name":"(anonymous_2)","decl":{"start":{"line":14,"column":31},"end":{"line":14,"column":43}},"loc":{"start":{"line":14,"column":43},"end":{"line":47,"column":null}},"line":14},"3":{"name":"(anonymous_3)","decl":{"start":{"line":56,"column":41},"end":{"line":56,"column":48}},"loc":{"start":{"line":56,"column":53},"end":{"line":56,"column":78}},"line":56},"4":{"name":"(anonymous_4)","decl":{"start":{"line":57,"column":42},"end":{"line":57,"column":49}},"loc":{"start":{"line":57,"column":54},"end":{"line":57,"column":79}},"line":57},"5":{"name":"(anonymous_5)","decl":{"start":{"line":59,"column":44},"end":{"line":59,"column":52}},"loc":{"start":{"line":59,"column":65},"end":{"line":59,"column":109}},"line":59},"6":{"name":"(anonymous_6)","decl":{"start":{"line":63,"column":20},"end":{"line":63,"column":28}},"loc":{"start":{"line":63,"column":35},"end":{"line":69,"column":3}},"line":63},"7":{"name":"(anonymous_7)","decl":{"start":{"line":64,"column":27},"end":{"line":64,"column":35}},"loc":{"start":{"line":64,"column":43},"end":{"line":68,"column":5}},"line":64},"8":{"name":"(anonymous_8)","decl":{"start":{"line":108,"column":31},"end":{"line":108,"column":35}},"loc":{"start":{"line":109,"column":14},"end":{"line":131,"column":null}},"line":109},"9":{"name":"(anonymous_9)","decl":{"start":{"line":116,"column":42},"end":{"line":116,"column":48}},"loc":{"start":{"line":116,"column":56},"end":{"line":116,"column":96}},"line":116},"10":{"name":"(anonymous_10)","decl":{"start":{"line":116,"column":98},"end":{"line":116,"column":103}},"loc":{"start":{"line":117,"column":20},"end":{"line":128,"column":null}},"line":117},"11":{"name":"(anonymous_11)","decl":{"start":{"line":141,"column":32},"end":{"line":141,"column":36}},"loc":{"start":{"line":142,"column":14},"end":{"line":147,"column":null}},"line":142}},"branchMap":{"0":{"loc":{"start":{"line":39,"column":8},"end":{"line":39,"column":null}},"type":"if","locations":[{"start":{"line":39,"column":8},"end":{"line":39,"column":null}},{"start":{},"end":{}}],"line":39},"1":{"loc":{"start":{"line":40,"column":24},"end":{"line":40,"column":34}},"type":"binary-expr","locations":[{"start":{"line":40,"column":24},"end":{"line":40,"column":32}},{"start":{"line":40,"column":32},"end":{"line":40,"column":34}}],"line":40},"2":{"loc":{"start":{"line":52,"column":2},"end":{"line":52,"column":null}},"type":"if","locations":[{"start":{"line":52,"column":2},"end":{"line":52,"column":null}},{"start":{},"end":{}}],"line":52},"3":{"loc":{"start":{"line":53,"column":2},"end":{"line":53,"column":null}},"type":"if","locations":[{"start":{"line":53,"column":2},"end":{"line":53,"column":null}},{"start":{},"end":{}}],"line":53},"4":{"loc":{"start":{"line":59,"column":72},"end":{"line":59,"column":109}},"type":"binary-expr","locations":[{"start":{"line":59,"column":72},"end":{"line":59,"column":105}},{"start":{"line":59,"column":105},"end":{"line":59,"column":109}}],"line":59},"5":{"loc":{"start":{"line":65,"column":6},"end":{"line":67,"column":null}},"type":"if","locations":[{"start":{"line":65,"column":6},"end":{"line":67,"column":null}},{"start":{},"end":{}}],"line":65},"6":{"loc":{"start":{"line":104,"column":9},"end":{"line":135,"column":null}},"type":"cond-expr","locations":[{"start":{"line":105,"column":10},"end":{"line":107,"column":11}},{"start":{"line":107,"column":10},"end":{"line":135,"column":null}}],"line":104},"7":{"loc":{"start":{"line":125,"column":23},"end":{"line":126,"column":null}},"type":"binary-expr","locations":[{"start":{"line":125,"column":23},"end":{"line":125,"column":null}},{"start":{"line":126,"column":24},"end":{"line":126,"column":null}}],"line":125},"8":{"loc":{"start":{"line":137,"column":7},"end":{"line":150,"column":null}},"type":"binary-expr","locations":[{"start":{"line":137,"column":7},"end":{"line":137,"column":null}},{"start":{"line":138,"column":8},"end":{"line":150,"column":null}}],"line":137},"9":{"loc":{"start":{"line":145,"column":53},"end":{"line":145,"column":88}},"type":"binary-expr","locations":[{"start":{"line":145,"column":53},"end":{"line":145,"column":86}},{"start":{"line":145,"column":86},"end":{"line":145,"column":88}}],"line":145}},"s":{"0":1,"1":7,"2":7,"3":7,"4":7,"5":4,"6":4,"7":4,"8":4,"9":4,"10":4,"11":4,"12":4,"13":4,"14":3,"15":0,"16":3,"17":1,"18":1,"19":4,"20":4,"21":7,"22":4,"23":3,"24":3,"25":2,"26":2,"27":2,"28":2,"29":2,"30":2,"31":1,"32":2,"33":2,"34":1,"35":1,"36":1,"37":2,"38":1,"39":0,"40":1,"41":1},"f":{"0":7,"1":4,"2":4,"3":2,"4":2,"5":1,"6":1,"7":1,"8":1,"9":0,"10":1,"11":1},"b":{"0":[0,3],"1":[3,0],"2":[4,3],"3":[1,2],"4":[1,0],"5":[1,0],"6":[1,1],"7":[1,0],"8":[7,1],"9":[1,0]},"meta":{"lastBranch":10,"lastFunction":12,"lastStatement":42,"seen":{"s:8:6:154:Infinity":0,"f:8:6:8:35":0,"s:9:23:9:Infinity":1,"s:10:18:10:Infinity":2,"s:11:16:11:Infinity":3,"s:13:2:50:Infinity":4,"f:13:2:13:18":1,"s:14:31:47:Infinity":5,"f:14:31:14:43":2,"s:15:6:46:Infinity":6,"s:16:8:16:Infinity":7,"s:17:22:17:Infinity":8,"s:18:25:18:Infinity":9,"s:20:26:20:Infinity":10,"s:21:8:21:Infinity":11,"s:22:29:22:Infinity":12,"s:24:32:37:Infinity":13,"b:39:8:39:Infinity:undefined:undefined:undefined:undefined":0,"s:39:8:39:Infinity":14,"s:39:19:39:Infinity":15,"s:40:8:40:Infinity":16,"b:40:24:40:32:40:32:40:34":1,"s:42:8:42:Infinity":17,"s:43:8:43:Infinity":18,"s:45:8:45:Infinity":19,"s:49:4:49:Infinity":20,"b:52:2:52:Infinity:undefined:undefined:undefined:undefined":2,"s:52:2:52:Infinity":21,"s:52:15:52:Infinity":22,"b:53:2:53:Infinity:undefined:undefined:undefined:undefined":3,"s:53:2:53:Infinity":23,"s:53:13:53:Infinity":24,"s:55:19:55:Infinity":25,"s:56:28:56:Infinity":26,"f:56:41:56:48":3,"s:56:53:56:78":27,"s:57:29:57:Infinity":28,"f:57:42:57:49":4,"s:57:54:57:79":29,"s:59:26:59:Infinity":30,"f:59:44:59:52":5,"s:59:65:59:109":31,"b:59:72:59:105:59:105:59:109":4,"s:62:26:62:Infinity":32,"s:63:2:69:Infinity":33,"f:63:20:63:28":6,"s:64:4:68:Infinity":34,"f:64:27:64:35":7,"b:65:6:67:Infinity:undefined:undefined:undefined:undefined":5,"s:65:6:67:Infinity":35,"s:66:8:66:Infinity":36,"s:71:2:152:Infinity":37,"b:105:10:107:11:107:10:135:Infinity":6,"f:108:31:108:35":8,"s:109:14:131:Infinity":38,"f:116:42:116:48":9,"s:116:56:116:96":39,"f:116:98:116:103":10,"s:117:20:128:Infinity":40,"b:125:23:125:Infinity:126:24:126:Infinity":7,"b:137:7:137:Infinity:138:8:150:Infinity":8,"f:141:32:141:36":11,"s:142:14:147:Infinity":41,"b:145:53:145:86:145:86:145:88":9},"fnNames":{}}}
,"D:\\Documents\\Development\\fp-shifter\\src\\pages\\MyShiftsPage.css": {"path":"D:\\Documents\\Development\\fp-shifter\\src\\pages\\MyShiftsPage.css","statementMap":{},"fnMap":{},"branchMap":{},"s":{},"f":{},"b":{},"meta":{"lastBranch":0,"lastFunction":0,"lastStatement":0,"seen":{},"fnNames":{}}}
,"D:\\Documents\\Development\\fp-shifter\\src\\pages\\MyShiftsPage.jsx": {"path":"D:\\Documents\\Development\\fp-shifter\\src\\pages\\MyShiftsPage.jsx","statementMap":{"0":{"start":{"line":8,"column":6},"end":{"line":117,"column":null}},"1":{"start":{"line":9,"column":18},"end":{"line":9,"column":null}},"2":{"start":{"line":10,"column":16},"end":{"line":10,"column":null}},"3":{"start":{"line":11,"column":18},"end":{"line":11,"column":null}},"4":{"start":{"line":12,"column":16},"end":{"line":12,"column":null}},"5":{"start":{"line":14,"column":2},"end":{"line":18,"column":null}},"6":{"start":{"line":15,"column":4},"end":{"line":17,"column":null}},"7":{"start":{"line":16,"column":6},"end":{"line":16,"column":null}},"8":{"start":{"line":20,"column":2},"end":{"line":50,"column":null}},"9":{"start":{"line":21,"column":4},"end":{"line":21,"column":null}},"10":{"start":{"line":21,"column":18},"end":{"line":21,"column":null}},"11":{"start":{"line":23,"column":23},"end":{"line":47,"column":null}},"12":{"start":{"line":24,"column":6},"end":{"line":46,"column":null}},"13":{"start":{"line":25,"column":8},"end":{"line":25,"column":null}},"14":{"start":{"line":26,"column":22},"end":{"line":26,"column":null}},"15":{"start":{"line":28,"column":32},"end":{"line":37,"column":null}},"16":{"start":{"line":39,"column":8},"end":{"line":39,"column":null}},"17":{"start":{"line":39,"column":19},"end":{"line":39,"column":null}},"18":{"start":{"line":40,"column":8},"end":{"line":40,"column":null}},"19":{"start":{"line":42,"column":8},"end":{"line":42,"column":null}},"20":{"start":{"line":43,"column":8},"end":{"line":43,"column":null}},"21":{"start":{"line":45,"column":8},"end":{"line":45,"column":null}},"22":{"start":{"line":49,"column":4},"end":{"line":49,"column":null}},"23":{"start":{"line":52,"column":23},"end":{"line":67,"column":null}},"24":{"start":{"line":53,"column":23},"end":{"line":53,"column":null}},"25":{"start":{"line":54,"column":4},"end":{"line":66,"column":null}},"26":{"start":{"line":55,"column":24},"end":{"line":58,"column":null}},"27":{"start":{"line":60,"column":6},"end":{"line":60,"column":null}},"28":{"start":{"line":60,"column":17},"end":{"line":60,"column":null}},"29":{"start":{"line":63,"column":6},"end":{"line":63,"column":null}},"30":{"start":{"line":63,"column":30},"end":{"line":63,"column":80}},"31":{"start":{"line":65,"column":6},"end":{"line":65,"column":null}},"32":{"start":{"line":69,"column":2},"end":{"line":71,"column":null}},"33":{"start":{"line":70,"column":4},"end":{"line":70,"column":null}},"34":{"start":{"line":73,"column":2},"end":{"line":115,"column":null}},"35":{"start":{"line":88,"column":35},"end":{"line":90,"column":null}},"36":{"start":{"line":92,"column":14},"end":{"line":110,"column":null}},"37":{"start":{"line":103,"column":37},"end":{"line":103,"column":null}}},"fnMap":{"0":{"name":"(anonymous_0)","decl":{"start":{"line":8,"column":6},"end":{"line":8,"column":27}},"loc":{"start":{"line":8,"column":27},"end":{"line":117,"column":null}},"line":8},"1":{"name":"(anonymous_1)","decl":{"start":{"line":14,"column":2},"end":{"line":14,"column":18}},"loc":{"start":{"line":14,"column":18},"end":{"line":18,"column":5}},"line":14},"2":{"name":"(anonymous_2)","decl":{"start":{"line":15,"column":31},"end":{"line":15,"column":37}},"loc":{"start":{"line":15,"column":63},"end":{"line":17,"column":5}},"line":15},"3":{"name":"(anonymous_3)","decl":{"start":{"line":20,"column":2},"end":{"line":20,"column":18}},"loc":{"start":{"line":20,"column":18},"end":{"line":50,"column":5}},"line":20},"4":{"name":"(anonymous_4)","decl":{"start":{"line":23,"column":23},"end":{"line":23,"column":35}},"loc":{"start":{"line":23,"column":35},"end":{"line":47,"column":null}},"line":23},"5":{"name":"(anonymous_5)","decl":{"start":{"line":52,"column":23},"end":{"line":52,"column":30}},"loc":{"start":{"line":52,"column":56},"end":{"line":67,"column":null}},"line":52},"6":{"name":"(anonymous_6)","decl":{"start":{"line":63,"column":21},"end":{"line":63,"column":25}},"loc":{"start":{"line":63,"column":30},"end":{"line":63,"column":80}},"line":63},"7":{"name":"(anonymous_7)","decl":{"start":{"line":87,"column":18},"end":{"line":87,"column":22}},"loc":{"start":{"line":87,"column":30},"end":{"line":112,"column":13}},"line":87},"8":{"name":"(anonymous_8)","decl":{"start":{"line":103,"column":22},"end":{"line":103,"column":37}},"loc":{"start":{"line":103,"column":37},"end":{"line":103,"column":null}},"line":103}},"branchMap":{"0":{"loc":{"start":{"line":21,"column":4},"end":{"line":21,"column":null}},"type":"if","locations":[{"start":{"line":21,"column":4},"end":{"line":21,"column":null}},{"start":{},"end":{}}],"line":21},"1":{"loc":{"start":{"line":39,"column":8},"end":{"line":39,"column":null}},"type":"if","locations":[{"start":{"line":39,"column":8},"end":{"line":39,"column":null}},{"start":{},"end":{}}],"line":39},"2":{"loc":{"start":{"line":40,"column":17},"end":{"line":40,"column":27}},"type":"binary-expr","locations":[{"start":{"line":40,"column":17},"end":{"line":40,"column":25}},{"start":{"line":40,"column":25},"end":{"line":40,"column":27}}],"line":40},"3":{"loc":{"start":{"line":53,"column":23},"end":{"line":53,"column":null}},"type":"cond-expr","locations":[{"start":{"line":53,"column":55},"end":{"line":53,"column":71}},{"start":{"line":53,"column":71},"end":{"line":53,"column":null}}],"line":53},"4":{"loc":{"start":{"line":53,"column":71},"end":{"line":53,"column":null}},"type":"cond-expr","locations":[{"start":{"line":53,"column":105},"end":{"line":53,"column":114}},{"start":{"line":53,"column":114},"end":{"line":53,"column":null}}],"line":53},"5":{"loc":{"start":{"line":60,"column":6},"end":{"line":60,"column":null}},"type":"if","locations":[{"start":{"line":60,"column":6},"end":{"line":60,"column":null}},{"start":{},"end":{}}],"line":60},"6":{"loc":{"start":{"line":63,"column":30},"end":{"line":63,"column":80}},"type":"cond-expr","locations":[{"start":{"line":63,"column":48},"end":{"line":63,"column":79}},{"start":{"line":63,"column":79},"end":{"line":63,"column":80}}],"line":63},"7":{"loc":{"start":{"line":69,"column":2},"end":{"line":71,"column":null}},"type":"if","locations":[{"start":{"line":69,"column":2},"end":{"line":71,"column":null}},{"start":{},"end":{}}],"line":69},"8":{"loc":{"start":{"line":82,"column":11},"end":{"line":82,"column":null}},"type":"binary-expr","locations":[{"start":{"line":82,"column":11},"end":{"line":82,"column":22}},{"start":{"line":82,"column":22},"end":{"line":82,"column":null}}],"line":82},"9":{"loc":{"start":{"line":83,"column":11},"end":{"line":83,"column":null}},"type":"binary-expr","locations":[{"start":{"line":83,"column":11},"end":{"line":83,"column":20}},{"start":{"line":83,"column":20},"end":{"line":83,"column":null}}],"line":83},"10":{"loc":{"start":{"line":84,"column":11},"end":{"line":112,"column":null}},"type":"cond-expr","locations":[{"start":{"line":85,"column":12},"end":{"line":87,"column":18}},{"start":{"line":87,"column":12},"end":{"line":112,"column":null}}],"line":84},"11":{"loc":{"start":{"line":84,"column":11},"end":{"line":84,"column":null}},"type":"binary-expr","locations":[{"start":{"line":84,"column":11},"end":{"line":84,"column":23}},{"start":{"line":84,"column":23},"end":{"line":84,"column":33}},{"start":{"line":84,"column":33},"end":{"line":84,"column":null}}],"line":84},"12":{"loc":{"start":{"line":88,"column":35},"end":{"line":90,"column":null}},"type":"cond-expr","locations":[{"start":{"line":89,"column":18},"end":{"line":89,"column":null}},{"start":{"line":90,"column":18},"end":{"line":90,"column":null}}],"line":88},"13":{"loc":{"start":{"line":105,"column":23},"end":{"line":105,"column":null}},"type":"binary-expr","locations":[{"start":{"line":105,"column":23},"end":{"line":105,"column":54}},{"start":{"line":105,"column":54},"end":{"line":105,"column":null}}],"line":105},"14":{"loc":{"start":{"line":106,"column":23},"end":{"line":106,"column":null}},"type":"binary-expr","locations":[{"start":{"line":106,"column":23},"end":{"line":106,"column":56}},{"start":{"line":106,"column":56},"end":{"line":106,"column":null}}],"line":106},"15":{"loc":{"start":{"line":107,"column":23},"end":{"line":107,"column":null}},"type":"binary-expr","locations":[{"start":{"line":107,"column":23},"end":{"line":107,"column":49}},{"start":{"line":107,"column":49},"end":{"line":107,"column":null}}],"line":107}},"s":{"0":1,"1":17,"2":17,"3":17,"4":17,"5":17,"6":6,"7":6,"8":17,"9":11,"10":6,"11":5,"12":5,"13":5,"14":5,"15":5,"16":4,"17":0,"18":4,"19":1,"20":1,"21":5,"22":5,"23":17,"24":2,"25":2,"26":2,"27":1,"28":0,"29":1,"30":1,"31":1,"32":17,"33":6,"34":11,"35":4,"36":4,"37":2},"f":{"0":17,"1":6,"2":6,"3":11,"4":5,"5":2,"6":1,"7":4,"8":2},"b":{"0":[6,5],"1":[0,4],"2":[4,0],"3":[2,0],"4":[0,0],"5":[0,1],"6":[1,0],"7":[6,11],"8":[17,5],"9":[17,1],"10":[1,10],"11":[17,6,5],"12":[4,0],"13":[4,3],"14":[4,1],"15":[4,0]},"meta":{"lastBranch":16,"lastFunction":9,"lastStatement":38,"seen":{"s:8:6:117:Infinity":0,"f:8:6:8:27":0,"s:9:18:9:Infinity":1,"s:10:16:10:Infinity":2,"s:11:18:11:Infinity":3,"s:12:16:12:Infinity":4,"s:14:2:18:Infinity":5,"f:14:2:14:18":1,"s:15:4:17:Infinity":6,"f:15:31:15:37":2,"s:16:6:16:Infinity":7,"s:20:2:50:Infinity":8,"f:20:2:20:18":3,"b:21:4:21:Infinity:undefined:undefined:undefined:undefined":0,"s:21:4:21:Infinity":9,"s:21:18:21:Infinity":10,"s:23:23:47:Infinity":11,"f:23:23:23:35":4,"s:24:6:46:Infinity":12,"s:25:8:25:Infinity":13,"s:26:22:26:Infinity":14,"s:28:32:37:Infinity":15,"b:39:8:39:Infinity:undefined:undefined:undefined:undefined":1,"s:39:8:39:Infinity":16,"s:39:19:39:Infinity":17,"s:40:8:40:Infinity":18,"b:40:17:40:25:40:25:40:27":2,"s:42:8:42:Infinity":19,"s:43:8:43:Infinity":20,"s:45:8:45:Infinity":21,"s:49:4:49:Infinity":22,"s:52:23:67:Infinity":23,"f:52:23:52:30":5,"s:53:23:53:Infinity":24,"b:53:55:53:71:53:71:53:Infinity":3,"b:53:105:53:114:53:114:53:Infinity":4,"s:54:4:66:Infinity":25,"s:55:24:58:Infinity":26,"b:60:6:60:Infinity:undefined:undefined:undefined:undefined":5,"s:60:6:60:Infinity":27,"s:60:17:60:Infinity":28,"s:63:6:63:Infinity":29,"f:63:21:63:25":6,"s:63:30:63:80":30,"b:63:48:63:79:63:79:63:80":6,"s:65:6:65:Infinity":31,"b:69:2:71:Infinity:undefined:undefined:undefined:undefined":7,"s:69:2:71:Infinity":32,"s:70:4:70:Infinity":33,"s:73:2:115:Infinity":34,"b:82:11:82:22:82:22:82:Infinity":8,"b:83:11:83:20:83:20:83:Infinity":9,"b:85:12:87:18:87:12:112:Infinity":10,"b:84:11:84:23:84:23:84:33:84:33:84:Infinity":11,"f:87:18:87:22":7,"s:88:35:90:Infinity":35,"b:89:18:89:Infinity:90:18:90:Infinity":12,"s:92:14:110:Infinity":36,"f:103:22:103:37":8,"s:103:37:103:Infinity":37,"b:105:23:105:54:105:54:105:Infinity":13,"b:106:23:106:56:106:56:106:Infinity":14,"b:107:23:107:49:107:49:107:Infinity":15},"fnNames":{}}}
}
